<?xml version="1.0" encoding="UTF-8"?>
<!-- Generated by org.testng.reporters.JUnitReportReporter -->
<testsuite hostname="5410-TI12897" failures="0" tests="6" name="com.qa.opencart.tests.LoginPageTest" time="21.518" errors="0" timestamp="2024-09-23T13:20:49 IST" skipped="0">
  <testcase classname="com.qa.opencart.tests.LoginPageTest" name="loginPageNavigationTest" time="4.826"/>
  <system-out/>
  <testcase classname="com.qa.opencart.tests.LoginPageTest" name="loginPageNavigationTest" time="2.947"/>
  <system-out/>
  <testcase classname="com.qa.opencart.tests.LoginPageTest" name="forgotPasswordLinkExistTest" time="0.016"/>
  <system-out/>
  <testcase classname="com.qa.opencart.tests.LoginPageTest" name="forgotPasswordLinkExistTest" time="0.022"/>
  <system-out/>
  <testcase classname="com.qa.opencart.tests.LoginPageTest" name="appLoginTest" time="7.194"/>
  <system-out/>
  <testcase classname="com.qa.opencart.tests.LoginPageTest" name="appLoginTest" time="6.513"/>
  <system-out/>
</testsuite> <!-- com.qa.opencart.tests.LoginPageTest -->
