<?xml version="1.0" encoding="UTF-8"?>
<!-- Generated by org.testng.reporters.JUnitReportReporter -->
<testsuite hostname="5410-TI12897" failures="0" tests="10" name="com.qa.opencart.tests.HomePageTest" time="40.394" errors="0" timestamp="2024-09-23T13:20:49 IST" skipped="0">
  <testcase classname="com.qa.opencart.tests.HomePageTest" name="homePageTitleTest" time="0.013"/>
  <system-out/>
  <testcase classname="com.qa.opencart.tests.HomePageTest" name="homePageTitleTest" time="0.014"/>
  <system-out/>
  <testcase classname="com.qa.opencart.tests.HomePageTest" name="homePageUrlTest" time="0.003"/>
  <system-out/>
  <testcase classname="com.qa.opencart.tests.HomePageTest" name="homePageUrlTest" time="0.001"/>
  <system-out/>
  <testcase classname="com.qa.opencart.tests.HomePageTest" name="searcTest" time="9.182"/>
  <system-out/>
  <testcase classname="com.qa.opencart.tests.HomePageTest" name="searcTest" time="5.317"/>
  <system-out/>
  <testcase classname="com.qa.opencart.tests.HomePageTest" name="searcTest" time="5.535"/>
  <system-out/>
  <testcase classname="com.qa.opencart.tests.HomePageTest" name="searcTest" time="5.068"/>
  <system-out/>
  <testcase classname="com.qa.opencart.tests.HomePageTest" name="searcTest" time="11.167"/>
  <system-out/>
  <testcase classname="com.qa.opencart.tests.HomePageTest" name="searcTest" time="4.094"/>
  <system-out/>
</testsuite> <!-- com.qa.opencart.tests.HomePageTest -->
