<?xml version="1.0" encoding="UTF-8"?>
<!-- Generated by org.testng.reporters.JUnitReportReporter -->
<testsuite hostname="5410-TI12897" failures="0" tests="10" name="com.qa.opencart.tests.HomePageTest" time="10.832" errors="0" timestamp="2024-09-23T13:26:33 IST" skipped="0">
  <testcase classname="com.qa.opencart.tests.HomePageTest" name="homePageTitleTest" time="0.013"/>
  <testcase classname="com.qa.opencart.tests.HomePageTest" name="homePageTitleTest" time="0.070"/>
  <testcase classname="com.qa.opencart.tests.HomePageTest" name="homePageUrlTest" time="0.001"/>
  <testcase classname="com.qa.opencart.tests.HomePageTest" name="homePageUrlTest" time="0.001"/>
  <testcase classname="com.qa.opencart.tests.HomePageTest" name="searcTest" time="1.627"/>
  <testcase classname="com.qa.opencart.tests.HomePageTest" name="searcTest" time="2.838"/>
  <testcase classname="com.qa.opencart.tests.HomePageTest" name="searcTest" time="1.372"/>
  <testcase classname="com.qa.opencart.tests.HomePageTest" name="searcTest" time="1.422"/>
  <testcase classname="com.qa.opencart.tests.HomePageTest" name="searcTest" time="1.914"/>
  <testcase classname="com.qa.opencart.tests.HomePageTest" name="searcTest" time="1.574"/>
</testsuite> <!-- com.qa.opencart.tests.HomePageTest -->
